<?xml version="1.0" encoding="UTF-8"?>
<testng-results skipped="0" failed="0" total="1" passed="1">
  <reporter-output>
  </reporter-output>
  <suite name="Default suite" duration-ms="5792" started-at="2021-08-04T15:07:04Z" finished-at="2021-08-04T15:07:10Z">
    <groups>
    </groups>
    <test name="Default test" duration-ms="5792" started-at="2021-08-04T15:07:04Z" finished-at="2021-08-04T15:07:10Z">
      <class name="Demoshop.Demologin">
        <test-method status="PASS" signature="beforeSuite()[pri:0, instance:Demoshop.Demologin@7ac7a4e4]" name="beforeSuite" is-config="true" duration-ms="5690" started-at="2021-08-04T20:36:58Z" finished-at="2021-08-04T20:37:04Z">
          <reporter-output>
          </reporter-output>
        </test-method> <!-- beforeSuite -->
        <test-method status="PASS" signature="demologin()[pri:0, instance:Demoshop.Demologin@7ac7a4e4]" name="demologin" duration-ms="5771" started-at="2021-08-04T20:37:04Z" finished-at="2021-08-04T20:37:10Z">
          <reporter-output>
          </reporter-output>
        </test-method> <!-- demologin -->
      </class> <!-- Demoshop.Demologin -->
    </test> <!-- Default test -->
  </suite> <!-- Default suite -->
</testng-results>
