<?xml version="1.0" encoding="UTF-8"?>
<testng-results skipped="0" failed="0" total="1" passed="1">
  <reporter-output>
  </reporter-output>
  <suite name="Default suite" duration-ms="14368" started-at="2021-08-05T17:19:24Z" finished-at="2021-08-05T17:19:39Z">
    <groups>
    </groups>
    <test name="Default test" duration-ms="14368" started-at="2021-08-05T17:19:24Z" finished-at="2021-08-05T17:19:39Z">
      <class name="Demoshop.Demologin">
        <test-method status="PASS" signature="beforeSuite()[pri:0, instance:Demoshop.Demologin@57fffcd7]" name="beforeSuite" is-config="true" duration-ms="4600" started-at="2021-08-05T22:49:20Z" finished-at="2021-08-05T22:49:24Z">
          <reporter-output>
          </reporter-output>
        </test-method> <!-- beforeSuite -->
        <test-method status="PASS" signature="demologin()[pri:0, instance:Demoshop.Demologin@57fffcd7]" name="demologin" duration-ms="14336" started-at="2021-08-05T22:49:24Z" finished-at="2021-08-05T22:49:39Z">
          <reporter-output>
          </reporter-output>
        </test-method> <!-- demologin -->
      </class> <!-- Demoshop.Demologin -->
    </test> <!-- Default test -->
  </suite> <!-- Default suite -->
</testng-results>
