<?xml version="1.0" encoding="UTF-8"?>
<testng-results skipped="0" failed="0" total="1" passed="1">
  <reporter-output>
  </reporter-output>
  <suite name="Default suite" duration-ms="7473" started-at="2021-08-05T18:43:29Z" finished-at="2021-08-05T18:43:37Z">
    <groups>
    </groups>
    <test name="Default test" duration-ms="7473" started-at="2021-08-05T18:43:29Z" finished-at="2021-08-05T18:43:37Z">
      <class name="Demoshop.Test1">
        <test-method status="PASS" signature="beforeSuite()[pri:0, instance:Demoshop.Test1@5f375618]" name="beforeSuite" is-config="true" duration-ms="2501" started-at="2021-08-06T00:13:27Z" finished-at="2021-08-06T00:13:29Z">
          <reporter-output>
          </reporter-output>
        </test-method> <!-- beforeSuite -->
        <test-method status="PASS" signature="testclass()[pri:0, instance:Demoshop.Test1@5f375618]" name="testclass" duration-ms="7434" started-at="2021-08-06T00:13:29Z" finished-at="2021-08-06T00:13:37Z">
          <reporter-output>
          </reporter-output>
        </test-method> <!-- testclass -->
      </class> <!-- Demoshop.Test1 -->
    </test> <!-- Default test -->
  </suite> <!-- Default suite -->
</testng-results>
